[debug] [2022-03-05T06:37:37.594Z] ----------------------------------------------------------------------
[debug] [2022-03-05T06:37:37.596Z] Command:       C:\Program Files\nodejs\node.exe C:\Users\rohan\AppData\Roaming\npm\node_modules\firebase-tools\lib\bin\firebase.js init
[debug] [2022-03-05T06:37:37.597Z] CLI Version:   10.2.2
[debug] [2022-03-05T06:37:37.597Z] Platform:      win32
[debug] [2022-03-05T06:37:37.597Z] Node Version:  v16.14.0
[debug] [2022-03-05T06:37:37.598Z] Time:          Sat Mar 05 2022 12:07:37 GMT+0530 (India Standard Time)
[debug] [2022-03-05T06:37:37.598Z] ----------------------------------------------------------------------
[debug] 
[debug] [2022-03-05T06:37:37.605Z] > command requires scopes: ["email","openid","https://www.googleapis.com/auth/cloudplatformprojects.readonly","https://www.googleapis.com/auth/firebase","https://www.googleapis.com/auth/cloud-platform"]
[debug] [2022-03-05T06:37:37.605Z] > authorizing via signed-in user (rohan.khedekar21@gmail.com)
[info] 
     ######## #### ########  ######## ########     ###     ######  ########
     ##        ##  ##     ## ##       ##     ##  ##   ##  ##       ##
     ######    ##  ########  ######   ########  #########  ######  ######
     ##        ##  ##    ##  ##       ##     ## ##     ##       ## ##
     ##       #### ##     ## ######## ########  ##     ##  ######  ########

You're about to initialize a Firebase project in this directory:

  C:\Users\rohan\Desktop\Netflix clone\netflix-clone

[info] 
=== Project Setup
[info] 
[info] First, let's associate this project directory with a Firebase project.
[info] You can create multiple project aliases by running firebase use --add, 
[info] but for now we'll just set up a default project.
[info] 
[debug] [2022-03-05T06:38:43.723Z] >>> [apiv2][query] GET https://firebase.googleapis.com/v1beta1/projects pageSize=100
[debug] [2022-03-05T06:38:44.509Z] <<< [apiv2][status] GET https://firebase.googleapis.com/v1beta1/projects 200
[debug] [2022-03-05T06:38:44.509Z] <<< [apiv2][body] GET https://firebase.googleapis.com/v1beta1/projects [omitted]
[info] i  Using project netflix-clone-b03f4 (netflix-clone) 
[info] 
=== Hosting Setup
[info] 
[info] Your public directory is the folder (relative to your project directory) that
[info] will contain Hosting assets to be uploaded with firebase deploy. If you
[info] have a build process for your assets, use your build's output directory.
[info] 
[debug] [2022-03-05T06:40:34.624Z] >>> [apiv2][query] GET https://www.gstatic.com/firebasejs/releases.json [none]
[debug] [2022-03-05T06:40:34.855Z] <<< [apiv2][status] GET https://www.gstatic.com/firebasejs/releases.json 200
[debug] [2022-03-05T06:40:34.855Z] <<< [apiv2][body] GET https://www.gstatic.com/firebasejs/releases.json {"current":{"version":"9.6.8","browserURL":"https://www.gstatic.com/firebasejs/9.6.8/firebase.js","packageURL":"https://www.gstatic.com/firebasejs/9.6.8/firebase.tgz"},"live":{"version":"9.6","browserURL":"https://www.gstatic.com/firebasejs/live/9.6/firebase.js","packageURL":"https://www.gstatic.com/firebasejs/live/9.6/firebase.tgz"},"components":{"analytics":"https://www.gstatic.com/firebasejs/9.6.8/firebase-analytics.js","app":"https://www.gstatic.com/firebasejs/9.6.8/firebase-app.js","app-check":"https://www.gstatic.com/firebasejs/9.6.8/firebase-app-check.js","auth":"https://www.gstatic.com/firebasejs/9.6.8/firebase-auth.js","auth/cordova":"https://www.gstatic.com/firebasejs/9.6.8/firebase-auth/cordova.js","auth/react-native":"https://www.gstatic.com/firebasejs/9.6.8/firebase-auth/react-native.js","functions":"https://www.gstatic.com/firebasejs/9.6.8/firebase-functions.js","firestore":"https://www.gstatic.com/firebasejs/9.6.8/firebase-firestore.js","firestore/lite":"https://www.gstatic.com/firebasejs/9.6.8/firebase-firestore/lite.js","storage":"https://www.gstatic.com/firebasejs/9.6.8/firebase-storage.js","performance":"https://www.gstatic.com/firebasejs/9.6.8/firebase-performance.js","remote-config":"https://www.gstatic.com/firebasejs/9.6.8/firebase-remote-config.js","messaging":"https://www.gstatic.com/firebasejs/9.6.8/firebase-messaging.js","messaging/sw":"https://www.gstatic.com/firebasejs/9.6.8/firebase-messaging/sw.js","database":"https://www.gstatic.com/firebasejs/9.6.8/firebase-database.js","firestore.memory":"https://www.gstatic.com/firebasejs/9.6.8/firebase-firestore.memory.js"}}
[info] +  Wrote build/index.html 
[info] 
[info] i  Detected a .git folder at C:\Users\rohan 
[info] i  Authorizing with GitHub to upload your service account to a GitHub repository's secrets store. 
[info] 
[info] Visit this URL on this device to log in:
[info] https://github.com/login/oauth/authorize?client_id=89cf50f02ac6aaed3484&state=530460428&redirect_uri=http%3A%2F%2Flocalhost%3A9005&scope=read%3Auser%20repo%20public_repo
[info] 
[info] Waiting for authentication...
[debug] [2022-03-05T06:40:53.620Z] >>> HTTP REQUEST POST https://github.com/login/oauth/access_token  
 {"client_id":"89cf50f02ac6aaed3484","client_secret":"3330d14abc895d9a74d5f17cd7a00711fa2c5bf0","code":"ea9fe392414ec97e463a","redirect_uri":"http://localhost:9005","state":"530460428"}
[debug] [2022-03-05T06:40:53.973Z] <<< HTTP RESPONSE 200 {"server":"GitHub.com","date":"Sat, 05 Mar 2022 06:40:55 GMT","content-type":"application/json; charset=utf-8","transfer-encoding":"chunked","vary":"X-PJAX, X-PJAX-Container, Accept-Encoding, Accept, X-Requested-With","permissions-policy":"interest-cohort=()","etag":"W/\"d3648f3dd46bcc4c9009e9f7651585c6\"","cache-control":"max-age=0, private, must-revalidate","strict-transport-security":"max-age=31536000; includeSubdomains; preload","x-frame-options":"deny","x-content-type-options":"nosniff","x-xss-protection":"0","referrer-policy":"origin-when-cross-origin, strict-origin-when-cross-origin","expect-ct":"max-age=2592000, report-uri=\"https://api.github.com/_private/browser/errors\"","content-security-policy":"default-src 'none'; base-uri 'self'; block-all-mixed-content; child-src github.com/assets-cdn/worker/ gist.github.com/assets-cdn/worker/; connect-src 'self' uploads.github.com objects-origin.githubusercontent.com www.githubstatus.com collector.githubapp.com collector.github.com api.github.com github-cloud.s3.amazonaws.com github-production-repository-file-5c1aeb.s3.amazonaws.com github-production-upload-manifest-file-7fdce7.s3.amazonaws.com github-production-user-asset-6210df.s3.amazonaws.com cdn.optimizely.com logx.optimizely.com/v1/events translator.github.com wss://alive.github.com; font-src github.githubassets.com; form-action 'self' github.com gist.github.com objects-origin.githubusercontent.com; frame-ancestors 'none'; frame-src render.githubusercontent.com viewscreen.githubusercontent.com notebooks.githubusercontent.com; img-src 'self' data: github.githubassets.com identicons.github.com collector.githubapp.com collector.github.com github-cloud.s3.amazonaws.com secured-user-images.githubusercontent.com/ *.githubusercontent.com; manifest-src 'self'; media-src github.com user-images.githubusercontent.com/; script-src github.githubassets.com; style-src 'unsafe-inline' github.githubassets.com; worker-src github.com/assets-cdn/worker/ gist.github.com/assets-cdn/worker/","x-github-request-id":"6F0A:49F1:209AECC:2575CAE:622305F6"}
[debug] [2022-03-05T06:40:53.981Z] >>> [apiv2][query] GET https://api.github.com/user [none]
[debug] [2022-03-05T06:40:54.382Z] <<< [apiv2][status] GET https://api.github.com/user 200
[debug] [2022-03-05T06:40:54.382Z] <<< [apiv2][body] GET https://api.github.com/user {"login":"RohanKhedekar21","id":62432904,"node_id":"MDQ6VXNlcjYyNDMyOTA0","avatar_url":"https://avatars.githubusercontent.com/u/62432904?v=4","gravatar_id":"","url":"https://api.github.com/users/RohanKhedekar21","html_url":"https://github.com/RohanKhedekar21","followers_url":"https://api.github.com/users/RohanKhedekar21/followers","following_url":"https://api.github.com/users/RohanKhedekar21/following{/other_user}","gists_url":"https://api.github.com/users/RohanKhedekar21/gists{/gist_id}","starred_url":"https://api.github.com/users/RohanKhedekar21/starred{/owner}{/repo}","subscriptions_url":"https://api.github.com/users/RohanKhedekar21/subscriptions","organizations_url":"https://api.github.com/users/RohanKhedekar21/orgs","repos_url":"https://api.github.com/users/RohanKhedekar21/repos","events_url":"https://api.github.com/users/RohanKhedekar21/events{/privacy}","received_events_url":"https://api.github.com/users/RohanKhedekar21/received_events","type":"User","site_admin":false,"name":"Rohan Khedekar","company":null,"blog":"","location":null,"email":null,"hireable":true,"bio":"MS(Computer science) student at Mumbai University.","twitter_username":null,"public_repos":2,"public_gists":0,"followers":0,"following":1,"created_at":"2020-03-20T13:50:37Z","updated_at":"2022-02-26T07:12:29Z","private_gists":0,"total_private_repos":10,"owned_private_repos":10,"disk_usage":97305,"collaborators":0,"two_factor_authentication":true,"plan":{"name":"free","space":976562499,"collaborators":0,"private_repos":10000}}
[info] 
[info] +  Success! Logged into GitHub as RohanKhedekar21 
[info] 
[debug] [2022-03-05T06:42:02.487Z] >>> [apiv2][query] GET https://api.github.com/repos/user/netflix-clone/actions/secrets/public-key type=owner
[debug] [2022-03-05T06:42:02.776Z] <<< [apiv2][status] GET https://api.github.com/repos/user/netflix-clone/actions/secrets/public-key 404
[debug] [2022-03-05T06:42:02.776Z] <<< [apiv2][body] GET https://api.github.com/repos/user/netflix-clone/actions/secrets/public-key {"message":"Not Found","documentation_url":"https://docs.github.com/rest/reference/actions#get-a-repository-public-key"}
[debug] [2022-03-05T06:42:06.785Z] >>> [apiv2][query] GET https://api.github.com/repos/user/netflix-clone/actions/secrets/public-key type=owner
[debug] [2022-03-05T06:42:07.071Z] <<< [apiv2][status] GET https://api.github.com/repos/user/netflix-clone/actions/secrets/public-key 404
[debug] [2022-03-05T06:42:07.071Z] <<< [apiv2][body] GET https://api.github.com/repos/user/netflix-clone/actions/secrets/public-key {"message":"Not Found","documentation_url":"https://docs.github.com/rest/reference/actions#get-a-repository-public-key"}
[debug] [2022-03-05T06:42:10.602Z] >>> [apiv2][query] GET https://api.github.com/repos//actions/secrets/public-key type=owner
[debug] [2022-03-05T06:42:10.981Z] <<< [apiv2][status] GET https://api.github.com/repos//actions/secrets/public-key 404
[debug] [2022-03-05T06:42:10.982Z] <<< [apiv2][body] GET https://api.github.com/repos//actions/secrets/public-key {"message":"Not Found","documentation_url":"https://docs.github.com/rest"}
[debug] [2022-03-05T06:42:20.746Z] >>> [apiv2][query] GET https://api.github.com/repos/netflix-clone/actions/secrets/public-key type=owner
[debug] [2022-03-05T06:42:21.025Z] <<< [apiv2][status] GET https://api.github.com/repos/netflix-clone/actions/secrets/public-key 404
[debug] [2022-03-05T06:42:21.025Z] <<< [apiv2][body] GET https://api.github.com/repos/netflix-clone/actions/secrets/public-key {"message":"Not Found","documentation_url":"https://docs.github.com/rest"}
[debug] [2022-03-05T06:42:34.786Z] >>> [apiv2][query] GET https://api.github.com/repos/RohanKhedekar21/nextflix-clone/actions/secrets/public-key type=owner
[debug] [2022-03-05T06:42:35.257Z] <<< [apiv2][status] GET https://api.github.com/repos/RohanKhedekar21/nextflix-clone/actions/secrets/public-key 404
[debug] [2022-03-05T06:42:35.257Z] <<< [apiv2][body] GET https://api.github.com/repos/RohanKhedekar21/nextflix-clone/actions/secrets/public-key {"message":"Not Found","documentation_url":"https://docs.github.com/rest/reference/actions#get-a-repository-public-key"}
[debug] [2022-03-05T06:42:36.343Z] >>> [apiv2][query] GET https://api.github.com/repos/RohanKhedekar21/nextflix-clone/actions/secrets/public-key type=owner
[debug] [2022-03-05T06:42:36.617Z] <<< [apiv2][status] GET https://api.github.com/repos/RohanKhedekar21/nextflix-clone/actions/secrets/public-key 404
[debug] [2022-03-05T06:42:36.617Z] <<< [apiv2][body] GET https://api.github.com/repos/RohanKhedekar21/nextflix-clone/actions/secrets/public-key {"message":"Not Found","documentation_url":"https://docs.github.com/rest/reference/actions#get-a-repository-public-key"}
[debug] [2022-03-05T06:42:37.093Z] >>> [apiv2][query] GET https://api.github.com/repos/RohanKhedekar21/nextflix-clone/actions/secrets/public-key type=owner
[debug] [2022-03-05T06:42:37.382Z] <<< [apiv2][status] GET https://api.github.com/repos/RohanKhedekar21/nextflix-clone/actions/secrets/public-key 404
[debug] [2022-03-05T06:42:37.382Z] <<< [apiv2][body] GET https://api.github.com/repos/RohanKhedekar21/nextflix-clone/actions/secrets/public-key {"message":"Not Found","documentation_url":"https://docs.github.com/rest/reference/actions#get-a-repository-public-key"}
[debug] [2022-03-05T06:42:37.663Z] >>> [apiv2][query] GET https://api.github.com/repos/RohanKhedekar21/nextflix-clone/actions/secrets/public-key type=owner
[debug] [2022-03-05T06:42:37.959Z] <<< [apiv2][status] GET https://api.github.com/repos/RohanKhedekar21/nextflix-clone/actions/secrets/public-key 404
[debug] [2022-03-05T06:42:37.959Z] <<< [apiv2][body] GET https://api.github.com/repos/RohanKhedekar21/nextflix-clone/actions/secrets/public-key {"message":"Not Found","documentation_url":"https://docs.github.com/rest/reference/actions#get-a-repository-public-key"}
[debug] [2022-03-05T06:42:39.555Z] >>> [apiv2][query] GET https://api.github.com/repos/RohanKhedekar21/nextflix-clone/actions/secrets/public-key type=owner
[debug] [2022-03-05T06:42:39.837Z] <<< [apiv2][status] GET https://api.github.com/repos/RohanKhedekar21/nextflix-clone/actions/secrets/public-key 404
[debug] [2022-03-05T06:42:39.837Z] <<< [apiv2][body] GET https://api.github.com/repos/RohanKhedekar21/nextflix-clone/actions/secrets/public-key {"message":"Not Found","documentation_url":"https://docs.github.com/rest/reference/actions#get-a-repository-public-key"}
[debug] [2022-03-05T06:42:42.672Z] >>> [apiv2][query] GET https://api.github.com/repos/RohanKhedekar21/nextflixClcone/actions/secrets/public-key type=owner
[debug] [2022-03-05T06:42:43.136Z] <<< [apiv2][status] GET https://api.github.com/repos/RohanKhedekar21/nextflixClcone/actions/secrets/public-key 404
[debug] [2022-03-05T06:42:43.137Z] <<< [apiv2][body] GET https://api.github.com/repos/RohanKhedekar21/nextflixClcone/actions/secrets/public-key {"message":"Not Found","documentation_url":"https://docs.github.com/rest/reference/actions#get-a-repository-public-key"}
[debug] [2022-03-05T06:42:54.008Z] >>> [apiv2][query] GET https://api.github.com/repos/RohanKhedekar21/netflix-clone/actions/secrets/public-key type=owner
[debug] [2022-03-05T06:42:54.292Z] <<< [apiv2][status] GET https://api.github.com/repos/RohanKhedekar21/netflix-clone/actions/secrets/public-key 404
[debug] [2022-03-05T06:42:54.293Z] <<< [apiv2][body] GET https://api.github.com/repos/RohanKhedekar21/netflix-clone/actions/secrets/public-key {"message":"Not Found","documentation_url":"https://docs.github.com/rest/reference/actions#get-a-repository-public-key"}
[debug] [2022-03-05T06:43:04.291Z] >>> [apiv2][query] GET https://api.github.com/repos/RohanKhedekar21/netflix-clone/actions/secrets/public-key type=owner
[debug] [2022-03-05T06:43:04.506Z] >>> [apiv2][query] GET https://api.github.com/repos//actions/secrets/public-key type=owner
[debug] [2022-03-05T06:43:04.698Z] >>> [apiv2][query] GET https://api.github.com/repos//actions/secrets/public-key type=owner
[debug] [2022-03-05T06:43:04.865Z] <<< [apiv2][status] GET https://api.github.com/repos/RohanKhedekar21/netflix-clone/actions/secrets/public-key 404
[debug] [2022-03-05T06:43:04.865Z] <<< [apiv2][body] GET https://api.github.com/repos/RohanKhedekar21/netflix-clone/actions/secrets/public-key {"message":"Not Found","documentation_url":"https://docs.github.com/rest/reference/actions#get-a-repository-public-key"}
[debug] [2022-03-05T06:43:04.868Z] <<< [apiv2][status] GET https://api.github.com/repos//actions/secrets/public-key 404
[debug] [2022-03-05T06:43:04.868Z] <<< [apiv2][body] GET https://api.github.com/repos//actions/secrets/public-key {"message":"Not Found","documentation_url":"https://docs.github.com/rest"}
[debug] [2022-03-05T06:43:04.903Z] >>> [apiv2][query] GET https://api.github.com/repos/RohanKhedekar21/netflix-clone/actions/secrets/public-key type=owner
[debug] [2022-03-05T06:43:04.971Z] <<< [apiv2][status] GET https://api.github.com/repos//actions/secrets/public-key 404
[debug] [2022-03-05T06:43:04.971Z] <<< [apiv2][body] GET https://api.github.com/repos//actions/secrets/public-key {"message":"Not Found","documentation_url":"https://docs.github.com/rest"}
[debug] [2022-03-05T06:43:05.192Z] <<< [apiv2][status] GET https://api.github.com/repos/RohanKhedekar21/netflix-clone/actions/secrets/public-key 404
[debug] [2022-03-05T06:43:05.192Z] <<< [apiv2][body] GET https://api.github.com/repos/RohanKhedekar21/netflix-clone/actions/secrets/public-key {"message":"Not Found","documentation_url":"https://docs.github.com/rest/reference/actions#get-a-repository-public-key"}
[debug] [2022-03-05T06:43:05.803Z] >>> [apiv2][query] GET https://api.github.com/repos/RohanKhedekar21/netflix-clone/actions/secrets/public-key type=owner
[debug] [2022-03-05T06:43:06.083Z] <<< [apiv2][status] GET https://api.github.com/repos/RohanKhedekar21/netflix-clone/actions/secrets/public-key 404
[debug] [2022-03-05T06:43:06.084Z] <<< [apiv2][body] GET https://api.github.com/repos/RohanKhedekar21/netflix-clone/actions/secrets/public-key {"message":"Not Found","documentation_url":"https://docs.github.com/rest/reference/actions#get-a-repository-public-key"}
[debug] [2022-03-05T06:43:06.279Z] >>> [apiv2][query] GET https://api.github.com/repos/RohanKhedekar21/netflix-clone/actions/secrets/public-key type=owner
[debug] [2022-03-05T06:43:06.458Z] >>> [apiv2][query] GET https://api.github.com/repos//actions/secrets/public-key type=owner
[debug] [2022-03-05T06:43:06.569Z] <<< [apiv2][status] GET https://api.github.com/repos/RohanKhedekar21/netflix-clone/actions/secrets/public-key 404
[debug] [2022-03-05T06:43:06.569Z] <<< [apiv2][body] GET https://api.github.com/repos/RohanKhedekar21/netflix-clone/actions/secrets/public-key {"message":"Not Found","documentation_url":"https://docs.github.com/rest/reference/actions#get-a-repository-public-key"}
[debug] [2022-03-05T06:43:06.598Z] >>> [apiv2][query] GET https://api.github.com/repos/RohanKhedekar21/netflix-clone/actions/secrets/public-key type=owner
[debug] [2022-03-05T06:43:06.734Z] <<< [apiv2][status] GET https://api.github.com/repos//actions/secrets/public-key 404
[debug] [2022-03-05T06:43:06.734Z] <<< [apiv2][body] GET https://api.github.com/repos//actions/secrets/public-key {"message":"Not Found","documentation_url":"https://docs.github.com/rest"}
[debug] [2022-03-05T06:43:06.823Z] >>> [apiv2][query] GET https://api.github.com/repos//actions/secrets/public-key type=owner
[debug] [2022-03-05T06:43:06.875Z] <<< [apiv2][status] GET https://api.github.com/repos/RohanKhedekar21/netflix-clone/actions/secrets/public-key 404
[debug] [2022-03-05T06:43:06.876Z] <<< [apiv2][body] GET https://api.github.com/repos/RohanKhedekar21/netflix-clone/actions/secrets/public-key {"message":"Not Found","documentation_url":"https://docs.github.com/rest/reference/actions#get-a-repository-public-key"}
[debug] [2022-03-05T06:43:07.058Z] >>> [apiv2][query] GET https://api.github.com/repos/RohanKhedekar21/netflix-clone/actions/secrets/public-key type=owner
[debug] [2022-03-05T06:43:07.094Z] <<< [apiv2][status] GET https://api.github.com/repos//actions/secrets/public-key 404
[debug] [2022-03-05T06:43:07.094Z] <<< [apiv2][body] GET https://api.github.com/repos//actions/secrets/public-key {"message":"Not Found","documentation_url":"https://docs.github.com/rest"}
[debug] [2022-03-05T06:43:07.299Z] >>> [apiv2][query] GET https://api.github.com/repos//actions/secrets/public-key type=owner
[debug] [2022-03-05T06:43:07.334Z] <<< [apiv2][status] GET https://api.github.com/repos/RohanKhedekar21/netflix-clone/actions/secrets/public-key 404
[debug] [2022-03-05T06:43:07.334Z] <<< [apiv2][body] GET https://api.github.com/repos/RohanKhedekar21/netflix-clone/actions/secrets/public-key {"message":"Not Found","documentation_url":"https://docs.github.com/rest/reference/actions#get-a-repository-public-key"}
[debug] [2022-03-05T06:43:07.553Z] >>> [apiv2][query] GET https://api.github.com/repos/RohanKhedekar21/netflix-clone/actions/secrets/public-key type=owner
[debug] [2022-03-05T06:43:07.570Z] <<< [apiv2][status] GET https://api.github.com/repos//actions/secrets/public-key 404
[debug] [2022-03-05T06:43:07.570Z] <<< [apiv2][body] GET https://api.github.com/repos//actions/secrets/public-key {"message":"Not Found","documentation_url":"https://docs.github.com/rest"}
[debug] [2022-03-05T06:43:07.794Z] >>> [apiv2][query] GET https://api.github.com/repos//actions/secrets/public-key type=owner
[debug] [2022-03-05T06:43:07.834Z] <<< [apiv2][status] GET https://api.github.com/repos/RohanKhedekar21/netflix-clone/actions/secrets/public-key 404
[debug] [2022-03-05T06:43:07.835Z] <<< [apiv2][body] GET https://api.github.com/repos/RohanKhedekar21/netflix-clone/actions/secrets/public-key {"message":"Not Found","documentation_url":"https://docs.github.com/rest/reference/actions#get-a-repository-public-key"}
[debug] [2022-03-05T06:43:08.065Z] <<< [apiv2][status] GET https://api.github.com/repos//actions/secrets/public-key 404
[debug] [2022-03-05T06:43:08.065Z] <<< [apiv2][body] GET https://api.github.com/repos//actions/secrets/public-key {"message":"Not Found","documentation_url":"https://docs.github.com/rest"}
